Using pre-set license
Built from '2020.3/staging' branch; Version is '2020.3.13f1 (71691879b7f5) revision 7432472'; Using compiler version '192528614'; Build Type 'Release'
OS: 'Windows 10 Pro; OS build 18363.1440; Version 1909; 64bit' Language: 'ko' Physical Memory: 16295 MB
BatchMode: 1, IsHumanControllingUs: 0, StartBugReporterOnCrash: 0, Is64bit: 1, IsPro: 0

 COMMAND LINE ARGUMENTS:
C:\Program Files\Unity\Hub\Editor\2020.3.13f1\Editor\Unity.exe
-adb2
-batchMode
-noUpm
-name
AssetImportWorker0
-projectPath
C:/Users/PC01/Documents/GitHub/Bowl-Four-Guardian-Gods/Bowl_Four_Guardian_Gods
-logFile
Logs/AssetImportWorker0.log
-srvPort
58122
Successfully changed project path to: C:/Users/PC01/Documents/GitHub/Bowl-Four-Guardian-Gods/Bowl_Four_Guardian_Gods
C:/Users/PC01/Documents/GitHub/Bowl-Four-Guardian-Gods/Bowl_Four_Guardian_Gods
Using Asset Import Pipeline V2.
Refreshing native plugins compatible for Editor in 49.96 ms, found 3 plugins.
Preloading 0 native plugins for Editor in 0.00 ms.
Initialize engine version: 2020.3.13f1 (71691879b7f5)
[Subsystems] Discovering subsystems at path C:/Program Files/Unity/Hub/Editor/2020.3.13f1/Editor/Data/Resources/UnitySubsystems
[Subsystems] Discovering subsystems at path C:/Users/PC01/Documents/GitHub/Bowl-Four-Guardian-Gods/Bowl_Four_Guardian_Gods/Assets
GfxDevice: creating device client; threaded=0
Direct3D:
    Version:  Direct3D 11.0 [level 11.1]
    Renderer: NVIDIA GeForce RTX 2060 SUPER (ID=0x1f06)
    Vendor:   
    VRAM:     8031 MB
    Driver:   27.21.14.5671
Initialize mono
Mono path[0] = 'C:/Program Files/Unity/Hub/Editor/2020.3.13f1/Editor/Data/Managed'
Mono path[1] = 'C:/Program Files/Unity/Hub/Editor/2020.3.13f1/Editor/Data/MonoBleedingEdge/lib/mono/unityjit'
Mono config path = 'C:/Program Files/Unity/Hub/Editor/2020.3.13f1/Editor/Data/MonoBleedingEdge/etc'
Using monoOptions --debugger-agent=transport=dt_socket,embedding=1,server=y,suspend=n,address=127.0.0.1:56928
Begin MonoManager ReloadAssembly
Registering precompiled unity dll's ...
Register platform support module: C:/Program Files/Unity/Hub/Editor/2020.3.13f1/Editor/Data/PlaybackEngines/WebGLSupport/UnityEditor.WebGL.Extensions.dll
Register platform support module: C:/Program Files/Unity/Hub/Editor/2020.3.13f1/Editor/Data/PlaybackEngines/WindowsStandaloneSupport/UnityEditor.WindowsStandalone.Extensions.dll
Registered in 0.002989 seconds.
Native extension for WindowsStandalone target not found
Native extension for WebGL target not found
Refreshing native plugins compatible for Editor in 50.69 ms, found 3 plugins.
Preloading 0 native plugins for Editor in 0.00 ms.
Mono: successfully reloaded assembly
- Completed reload, in  1.247 seconds
Platform modules already initialized, skipping
Registering precompiled user dll's ...
Registered in 0.005478 seconds.
Begin MonoManager ReloadAssembly
Native extension for WindowsStandalone target not found
Native extension for WebGL target not found
Refreshing native plugins compatible for Editor in 45.11 ms, found 3 plugins.
Preloading 0 native plugins for Editor in 0.00 ms.
Mono: successfully reloaded assembly
- Completed reload, in  1.181 seconds
Platform modules already initialized, skipping
========================================================================
Worker process is ready to serve import requests
Launched and connected shader compiler UnityShaderCompiler.exe after 0.05 seconds
Refreshing native plugins compatible for Editor in 0.47 ms, found 3 plugins.
Preloading 0 native plugins for Editor in 0.00 ms.
Unloading 2088 Unused Serialized files (Serialized files now loaded: 0)
System memory in use before: 93.9 MB.
System memory in use after: 93.8 MB.

Unloading 33 unused Assets to reduce memory usage. Loaded Objects now: 2524.
Total: 2.533400 ms (FindLiveObjects: 0.224900 ms CreateObjectMapping: 0.099600 ms MarkObjects: 2.083300 ms  DeleteObjects: 0.124800 ms)

AssetImportParameters requested are different than current active one (requested -> active):
  custom:framework-win-MediaFoundation: 216162199b28c13a410421893ffa2e32 -> 
  custom:video-decoder-ogg-theora: a1e56fd34408186e4bbccfd4996cb3dc -> 
  custom:container-muxer-webm: aa71ff27fc2769a1b78a27578f13a17b -> 
  custom:container-demuxer-webm: 4f35f7cbe854078d1ac9338744f61a02 -> 
  custom:container-demuxer-ogg: 62fdf1f143b41e24485cea50d1cbac27 -> 
  custom:video-encoder-webm-vp8: eb34c28f22e8b96e1ab97ce403110664 -> 
  custom:video-decoder-webm-vp8: 9c59270c3fd7afecdb556c50c9e8de78 -> 
  custom:audio-decoder-ogg-vorbis: bf7c407c2cedff20999df2af8eb42d56 -> 
  custom:audio-encoder-webm-vorbis: bf7c407c2cedff20999df2af8eb42d56 -> 
========================================================================
Received Import Request.
  path: Assets/Asset Store/2D Hand Painted/Sample/Prefabs/Plants/Plant 12 Tropic.prefab
  artifactKey: Guid(ebb2dfa1be47e41b48a1a1344075ef71) Importer(815301076,1909f56bfc062723c751e8b465ee728b)
Start importing Assets/Asset Store/2D Hand Painted/Sample/Prefabs/Plants/Plant 12 Tropic.prefab using Guid(ebb2dfa1be47e41b48a1a1344075ef71) Importer(815301076,1909f56bfc062723c751e8b465ee728b)  -> (artifact id: '5b4408d6c26b1f28fcb60a95162fac22') in 0.117393 seconds 
  Import took 0.120637 seconds .

========================================================================
Received Import Request.
  Time since last request: 0.000264 seconds.
  path: Assets/Asset Store/2D Hand Painted/Sample/Prefabs/Objects/Pottery 6.prefab
  artifactKey: Guid(b19997d799aab4e3b8e9e916279f6fea) Importer(815301076,1909f56bfc062723c751e8b465ee728b)
Start importing Assets/Asset Store/2D Hand Painted/Sample/Prefabs/Objects/Pottery 6.prefab using Guid(b19997d799aab4e3b8e9e916279f6fea) Importer(815301076,1909f56bfc062723c751e8b465ee728b)  -> (artifact id: '53651ea42a8fdfe91a5c8c6d78200850') in 0.015708 seconds 
  Import took 0.018891 seconds .

========================================================================
Received Import Request.
  Time since last request: 0.000272 seconds.
  path: Assets/Asset Store/2D Hand Painted/Sample/Prefabs/Structure Components/Roof Wood 3.prefab
  artifactKey: Guid(f1b5afd505bd6487ead94b1e7402d9e4) Importer(815301076,1909f56bfc062723c751e8b465ee728b)
Start importing Assets/Asset Store/2D Hand Painted/Sample/Prefabs/Structure Components/Roof Wood 3.prefab using Guid(f1b5afd505bd6487ead94b1e7402d9e4) Importer(815301076,1909f56bfc062723c751e8b465ee728b)  -> (artifact id: '39d04539ab7635c20b4950e175388044') in 0.015532 seconds 
  Import took 0.018791 seconds .

========================================================================
Received Import Request.
  Time since last request: 0.000273 seconds.
  path: Assets/Asset Store/2D Hand Painted/Sample/Prefabs/Objects/Bomb Old.prefab
  artifactKey: Guid(226719a4b29d44c1ea0c98a12bf6c5bc) Importer(815301076,1909f56bfc062723c751e8b465ee728b)
Start importing Assets/Asset Store/2D Hand Painted/Sample/Prefabs/Objects/Bomb Old.prefab using Guid(226719a4b29d44c1ea0c98a12bf6c5bc) Importer(815301076,1909f56bfc062723c751e8b465ee728b)  -> (artifact id: '8b5173651015c4a3ebfcf84d5b7cdff5') in 0.014848 seconds 
  Import took 0.018130 seconds .

========================================================================
Received Import Request.
  Time since last request: 0.000267 seconds.
  path: Assets/Asset Store/2D Hand Painted/Sample/Prefabs/Objects/Pottery 8.prefab
  artifactKey: Guid(0b5e43ec6ae9d49c397d03c1b299c80b) Importer(815301076,1909f56bfc062723c751e8b465ee728b)
Start importing Assets/Asset Store/2D Hand Painted/Sample/Prefabs/Objects/Pottery 8.prefab using Guid(0b5e43ec6ae9d49c397d03c1b299c80b) Importer(815301076,1909f56bfc062723c751e8b465ee728b)  -> (artifact id: 'ea16a5428a1e8347df9b4287d911647d') in 0.016282 seconds 
  Import took 0.019493 seconds .

========================================================================
Received Import Request.
  Time since last request: 0.000289 seconds.
  path: Assets/Asset Store/2D Hand Painted/Sample/Prefabs/Objects/Cut Tree Trunk.prefab
  artifactKey: Guid(057cac2d8f5984c6993985041db42344) Importer(815301076,1909f56bfc062723c751e8b465ee728b)
Start importing Assets/Asset Store/2D Hand Painted/Sample/Prefabs/Objects/Cut Tree Trunk.prefab using Guid(057cac2d8f5984c6993985041db42344) Importer(815301076,1909f56bfc062723c751e8b465ee728b)  -> (artifact id: 'cac4f932ec672c576645917eb5e2c0b3') in 0.014753 seconds 
  Import took 0.017969 seconds .

========================================================================
Received Import Request.
  Time since last request: 0.000244 seconds.
  path: Assets/Asset Store/2D Hand Painted/Sample/Prefabs/Plants/Flower 5.prefab
  artifactKey: Guid(2c244ef95bcf44c6cbb57ba0c7262f6e) Importer(815301076,1909f56bfc062723c751e8b465ee728b)
Start importing Assets/Asset Store/2D Hand Painted/Sample/Prefabs/Plants/Flower 5.prefab using Guid(2c244ef95bcf44c6cbb57ba0c7262f6e) Importer(815301076,1909f56bfc062723c751e8b465ee728b)  -> (artifact id: '3f6ee05cc199bfd536b2e2a7c8968a08') in 0.014921 seconds 
  Import took 0.018097 seconds .

========================================================================
Received Import Request.
  Time since last request: 0.000266 seconds.
  path: Assets/Asset Store/2D Hand Painted/Sample/Prefabs/Plants/Cactus 9.prefab
  artifactKey: Guid(985fe16631898491e9a054cfb1466ea2) Importer(815301076,1909f56bfc062723c751e8b465ee728b)
Start importing Assets/Asset Store/2D Hand Painted/Sample/Prefabs/Plants/Cactus 9.prefab using Guid(985fe16631898491e9a054cfb1466ea2) Importer(815301076,1909f56bfc062723c751e8b465ee728b)  -> (artifact id: 'b9681a1a1f09cd63385df7d67f2472e6') in 0.014554 seconds 
  Import took 0.017798 seconds .

========================================================================
Received Import Request.
  Time since last request: 0.000239 seconds.
  path: Assets/Asset Store/2D Hand Painted/Sample/Prefabs/Plants/Cactus 13.prefab
  artifactKey: Guid(048e1df12431f477cb37e530e6c4320e) Importer(815301076,1909f56bfc062723c751e8b465ee728b)
Start importing Assets/Asset Store/2D Hand Painted/Sample/Prefabs/Plants/Cactus 13.prefab using Guid(048e1df12431f477cb37e530e6c4320e) Importer(815301076,1909f56bfc062723c751e8b465ee728b)  -> (artifact id: '5b2ec3a0d9fdde4f6c515a55eda56c11') in 0.013105 seconds 
  Import took 0.016137 seconds .

========================================================================
Received Import Request.
  Time since last request: 0.000236 seconds.
  path: Assets/Asset Store/2D Hand Painted/Sample/Prefabs/Structure Components/Attic 1.prefab
  artifactKey: Guid(f899c58a121e742c59b1da9d30e6de48) Importer(815301076,1909f56bfc062723c751e8b465ee728b)
Start importing Assets/Asset Store/2D Hand Painted/Sample/Prefabs/Structure Components/Attic 1.prefab using Guid(f899c58a121e742c59b1da9d30e6de48) Importer(815301076,1909f56bfc062723c751e8b465ee728b)  -> (artifact id: '724dc99df71e871408489147d92a0969') in 0.014518 seconds 
  Import took 0.017688 seconds .

========================================================================
Received Import Request.
  Time since last request: 0.000222 seconds.
  path: Assets/Asset Store/2D Hand Painted/Sample/Prefabs/Plants/Plant 5.prefab
  artifactKey: Guid(5364c3797704c4553895d9c0d0d843de) Importer(815301076,1909f56bfc062723c751e8b465ee728b)
Start importing Assets/Asset Store/2D Hand Painted/Sample/Prefabs/Plants/Plant 5.prefab using Guid(5364c3797704c4553895d9c0d0d843de) Importer(815301076,1909f56bfc062723c751e8b465ee728b)  -> (artifact id: 'd239a69b1e892c7efc08bb4b3c8dbd6b') in 0.013347 seconds 
  Import took 0.016623 seconds .

========================================================================
Received Import Request.
  Time since last request: 0.000229 seconds.
  path: Assets/Asset Store/2D Hand Painted/Sample/Prefabs/Plants/Flower 12.prefab
  artifactKey: Guid(b8699799615034efba19ec5290b2af05) Importer(815301076,1909f56bfc062723c751e8b465ee728b)
Start importing Assets/Asset Store/2D Hand Painted/Sample/Prefabs/Plants/Flower 12.prefab using Guid(b8699799615034efba19ec5290b2af05) Importer(815301076,1909f56bfc062723c751e8b465ee728b)  -> (artifact id: '886fba7d0988b57dae0114b72fb96f18') in 0.013910 seconds 
  Import took 0.017125 seconds .

========================================================================
Received Import Request.
  Time since last request: 0.000218 seconds.
  path: Assets/Asset Store/2D Hand Painted/Sample/Prefabs/Objects/Pottery 5.prefab
  artifactKey: Guid(2d34a22cb61614e55bea60e5d51c901f) Importer(815301076,1909f56bfc062723c751e8b465ee728b)
Start importing Assets/Asset Store/2D Hand Painted/Sample/Prefabs/Objects/Pottery 5.prefab using Guid(2d34a22cb61614e55bea60e5d51c901f) Importer(815301076,1909f56bfc062723c751e8b465ee728b)  -> (artifact id: '68e3394dc4a162f6a6c2f01b38610e23') in 0.012705 seconds 
  Import took 0.015863 seconds .

========================================================================
Received Import Request.
  Time since last request: 0.000252 seconds.
  path: Assets/Asset Store/2D Hand Painted/Sample/Prefabs/Objects/Pottery 1.prefab
  artifactKey: Guid(9d7e9b670a4be416bb9beeb361b96fc6) Importer(815301076,1909f56bfc062723c751e8b465ee728b)
Start importing Assets/Asset Store/2D Hand Painted/Sample/Prefabs/Objects/Pottery 1.prefab using Guid(9d7e9b670a4be416bb9beeb361b96fc6) Importer(815301076,1909f56bfc062723c751e8b465ee728b)  -> (artifact id: '8becb8709e2d3dc63621aa755852a25e') in 0.013463 seconds 
  Import took 0.016564 seconds .

========================================================================
Received Import Request.
  Time since last request: 0.000213 seconds.
  path: Assets/Asset Store/2D Hand Painted/Sample/Prefabs/Fish/GrayPinkFish.prefab
  artifactKey: Guid(d796f5a26f2f7487f8ac4ca2fd879b36) Importer(815301076,1909f56bfc062723c751e8b465ee728b)
Start importing Assets/Asset Store/2D Hand Painted/Sample/Prefabs/Fish/GrayPinkFish.prefab using Guid(d796f5a26f2f7487f8ac4ca2fd879b36) Importer(815301076,1909f56bfc062723c751e8b465ee728b)  -> (artifact id: '068f016515bb24f955e541602f8bca60') in 0.013087 seconds 
  Import took 0.016343 seconds .

========================================================================
Received Import Request.
  Time since last request: 0.000217 seconds.
  path: Assets/Asset Store/2D Hand Painted/Sample/Prefabs/Objects/Laundry Rope 2.prefab
  artifactKey: Guid(7b41c976972644784b7912a5f83e88e9) Importer(815301076,1909f56bfc062723c751e8b465ee728b)
Start importing Assets/Asset Store/2D Hand Painted/Sample/Prefabs/Objects/Laundry Rope 2.prefab using Guid(7b41c976972644784b7912a5f83e88e9) Importer(815301076,1909f56bfc062723c751e8b465ee728b)  -> (artifact id: 'db14a3d55f85e4289a29b842aacc358b') in 0.013866 seconds 
  Import took 0.017065 seconds .

========================================================================
Received Import Request.
  Time since last request: 0.000260 seconds.
  path: Packages/com.unity.2d.spriteshape/Editor/ObjectMenuCreation/DefaultAssets/Sprite Shapes/Closed Sprite Shape.prefab
  artifactKey: Guid(c0583b4e855c74b8c82e7b9b5efb5ce9) Importer(815301076,1909f56bfc062723c751e8b465ee728b)
Start importing Packages/com.unity.2d.spriteshape/Editor/ObjectMenuCreation/DefaultAssets/Sprite Shapes/Closed Sprite Shape.prefab using Guid(c0583b4e855c74b8c82e7b9b5efb5ce9) Importer(815301076,1909f56bfc062723c751e8b465ee728b)  -> (artifact id: '2cce7a24742fd5e8a8ab2da20c69032f') in 0.025641 seconds 
  Import took 0.028746 seconds .

========================================================================
Received Import Request.
  Time since last request: 0.000212 seconds.
  path: Assets/Asset Store/2D Hand Painted/Sample/Prefabs/Objects/Candle 3.prefab
  artifactKey: Guid(6c8fe7ed0e60f4e158561f7eb0ff9d34) Importer(815301076,1909f56bfc062723c751e8b465ee728b)
Start importing Assets/Asset Store/2D Hand Painted/Sample/Prefabs/Objects/Candle 3.prefab using Guid(6c8fe7ed0e60f4e158561f7eb0ff9d34) Importer(815301076,1909f56bfc062723c751e8b465ee728b)  -> (artifact id: 'bc73e57bf17add7072f6b4498ce9654f') in 0.018248 seconds 
  Import took 0.021397 seconds .

========================================================================
Received Import Request.
  Time since last request: 0.000361 seconds.
  path: Assets/Asset Store/2D Hand Painted/Sample/Prefabs/Composites/House 6.prefab
  artifactKey: Guid(ad13095e2210a4d1eae1e9c3f8604b29) Importer(815301076,1909f56bfc062723c751e8b465ee728b)
Start importing Assets/Asset Store/2D Hand Painted/Sample/Prefabs/Composites/House 6.prefab using Guid(ad13095e2210a4d1eae1e9c3f8604b29) Importer(815301076,1909f56bfc062723c751e8b465ee728b)  -> (artifact id: 'a653e91f9a8bc23704c0457572d4b7dc') in 0.026986 seconds 
  Import took 0.030440 seconds .

========================================================================
Received Import Request.
  Time since last request: 0.000252 seconds.
  path: Assets/Asset Store/2D Hand Painted/Sample/Prefabs/Plants/Corals 16.prefab
  artifactKey: Guid(06bc31eda1ea540d6b2fbd0c23e08a45) Importer(815301076,1909f56bfc062723c751e8b465ee728b)
Start importing Assets/Asset Store/2D Hand Painted/Sample/Prefabs/Plants/Corals 16.prefab using Guid(06bc31eda1ea540d6b2fbd0c23e08a45) Importer(815301076,1909f56bfc062723c751e8b465ee728b)  -> (artifact id: '6716b78535756ccc076b976e8b12b62e') in 0.014550 seconds 
  Import took 0.017953 seconds .

========================================================================
Received Import Request.
  Time since last request: 0.000233 seconds.
  path: Assets/Asset Store/2D Hand Painted/Sample/Prefabs/Fish/OrangeFish.prefab
  artifactKey: Guid(7225005b8a6194625b62ff0bc1b02a10) Importer(815301076,1909f56bfc062723c751e8b465ee728b)
Start importing Assets/Asset Store/2D Hand Painted/Sample/Prefabs/Fish/OrangeFish.prefab using Guid(7225005b8a6194625b62ff0bc1b02a10) Importer(815301076,1909f56bfc062723c751e8b465ee728b)  -> (artifact id: 'cc6ab030cace481dc496d15f4fe6c74d') in 0.013366 seconds 
  Import took 0.016791 seconds .

========================================================================
Received Import Request.
  Time since last request: 0.000222 seconds.
  path: Assets/Asset Store/Cainos/Pixel Art Platformer - Village Props/Prefab/PF FX Fire Bowl Fire.prefab
  artifactKey: Guid(69e62f89c9d82ba4085d34eeff6f57bc) Importer(815301076,1909f56bfc062723c751e8b465ee728b)
Start importing Assets/Asset Store/Cainos/Pixel Art Platformer - Village Props/Prefab/PF FX Fire Bowl Fire.prefab using Guid(69e62f89c9d82ba4085d34eeff6f57bc) Importer(815301076,1909f56bfc062723c751e8b465ee728b)  -> (artifact id: 'a1fe2879870487220e38a3e654c660b4') in 0.011624 seconds 
  Import took 0.015140 seconds .

========================================================================
Received Import Request.
  Time since last request: 0.000222 seconds.
  path: Assets/Asset Store/2D Hand Painted/Sample/Prefabs/Rocks/Rock 2.prefab
  artifactKey: Guid(21b133359bece49e3a053722fa5bd773) Importer(815301076,1909f56bfc062723c751e8b465ee728b)
Start importing Assets/Asset Store/2D Hand Painted/Sample/Prefabs/Rocks/Rock 2.prefab using Guid(21b133359bece49e3a053722fa5bd773) Importer(815301076,1909f56bfc062723c751e8b465ee728b)  -> (artifact id: 'ad0d97bab83e86ea86865a291d263493') in 0.013693 seconds 
  Import took 0.016948 seconds .

========================================================================
Received Import Request.
  Time since last request: 0.000212 seconds.
  path: Assets/Asset Store/2D Hand Painted/Sample/Prefabs/Rocks/Rock 10.prefab
  artifactKey: Guid(c06be217454564229a2252ceee71693d) Importer(815301076,1909f56bfc062723c751e8b465ee728b)
Start importing Assets/Asset Store/2D Hand Painted/Sample/Prefabs/Rocks/Rock 10.prefab using Guid(c06be217454564229a2252ceee71693d) Importer(815301076,1909f56bfc062723c751e8b465ee728b)  -> (artifact id: 'ec490fe06786f5bab9de1c6a55587771') in 0.013947 seconds 
  Import took 0.017380 seconds .

========================================================================
Received Import Request.
  Time since last request: 0.000211 seconds.
  path: Assets/Asset Store/2D Hand Painted/Sample/Prefabs/Plants/Corals 2.prefab
  artifactKey: Guid(dd83b7f76f19041eaaaa9f41746b89e2) Importer(815301076,1909f56bfc062723c751e8b465ee728b)
Start importing Assets/Asset Store/2D Hand Painted/Sample/Prefabs/Plants/Corals 2.prefab using Guid(dd83b7f76f19041eaaaa9f41746b89e2) Importer(815301076,1909f56bfc062723c751e8b465ee728b)  -> (artifact id: '720175af1ccb66434af74d82f378bcf9') in 0.014708 seconds 
  Import took 0.017929 seconds .

========================================================================
Received Import Request.
  Time since last request: 0.000237 seconds.
  path: Assets/Asset Store/2D Hand Painted/Sample/Prefabs/Plants/Plant 12.prefab
  artifactKey: Guid(24791d518f83f4eee9157c5caf63067c) Importer(815301076,1909f56bfc062723c751e8b465ee728b)
Start importing Assets/Asset Store/2D Hand Painted/Sample/Prefabs/Plants/Plant 12.prefab using Guid(24791d518f83f4eee9157c5caf63067c) Importer(815301076,1909f56bfc062723c751e8b465ee728b)  -> (artifact id: '140d8c1513c014225c5761f232ee4cec') in 0.014198 seconds 
  Import took 0.017522 seconds .

========================================================================
Received Import Request.
  Time since last request: 0.000223 seconds.
  path: Assets/Asset Store/2D Hand Painted/Sample/Prefabs/Structure Components/Beam 13.prefab
  artifactKey: Guid(e4a51dbc91d39442f92b8ad760ca646f) Importer(815301076,1909f56bfc062723c751e8b465ee728b)
Start importing Assets/Asset Store/2D Hand Painted/Sample/Prefabs/Structure Components/Beam 13.prefab using Guid(e4a51dbc91d39442f92b8ad760ca646f) Importer(815301076,1909f56bfc062723c751e8b465ee728b)  -> (artifact id: '9509ba564611704efce1bc601a2dc952') in 0.014151 seconds 
  Import took 0.017264 seconds .

========================================================================
Received Import Request.
  Time since last request: 0.000226 seconds.
  path: Assets/Asset Store/2D Hand Painted/Sample/Prefabs/Objects/Candle 7.prefab
  artifactKey: Guid(90ac2a97e034049149bdce65b580bd7f) Importer(815301076,1909f56bfc062723c751e8b465ee728b)
Start importing Assets/Asset Store/2D Hand Painted/Sample/Prefabs/Objects/Candle 7.prefab using Guid(90ac2a97e034049149bdce65b580bd7f) Importer(815301076,1909f56bfc062723c751e8b465ee728b)  -> (artifact id: '20adecc9fbe0758b22bff5295b4eca43') in 0.015334 seconds 
  Import took 0.018546 seconds .

========================================================================
Received Import Request.
  Time since last request: 0.000206 seconds.
  path: Assets/Asset Store/2D Hand Painted/Sample/Prefabs/Rocks/Rock 11.prefab
  artifactKey: Guid(14e213c231b6f4319b7708de665082f7) Importer(815301076,1909f56bfc062723c751e8b465ee728b)
Start importing Assets/Asset Store/2D Hand Painted/Sample/Prefabs/Rocks/Rock 11.prefab using Guid(14e213c231b6f4319b7708de665082f7) Importer(815301076,1909f56bfc062723c751e8b465ee728b)  -> (artifact id: 'dcc1b795915b4b7ea396ee6755a64961') in 0.013729 seconds 
  Import took 0.017052 seconds .

========================================================================
Received Import Request.
  Time since last request: 0.000222 seconds.
  path: Assets/Asset Store/2D Hand Painted/Sample/Prefabs/Ground/Ground Seaweed 1.prefab
  artifactKey: Guid(2491ebc9d5f7948f593a9f47d7b3d21c) Importer(815301076,1909f56bfc062723c751e8b465ee728b)
Start importing Assets/Asset Store/2D Hand Painted/Sample/Prefabs/Ground/Ground Seaweed 1.prefab using Guid(2491ebc9d5f7948f593a9f47d7b3d21c) Importer(815301076,1909f56bfc062723c751e8b465ee728b)  -> (artifact id: 'cb49ecb46a4c70cb081479a868fd9919') in 0.013773 seconds 
  Import took 0.017359 seconds .

========================================================================
Received Import Request.
  Time since last request: 0.000280 seconds.
  path: Assets/Asset Store/2D Hand Painted/Sample/Prefabs/Objects/Goblet 1.prefab
  artifactKey: Guid(fd228734dfff2408ca6c0f66500d6e9d) Importer(815301076,1909f56bfc062723c751e8b465ee728b)
Start importing Assets/Asset Store/2D Hand Painted/Sample/Prefabs/Objects/Goblet 1.prefab using Guid(fd228734dfff2408ca6c0f66500d6e9d) Importer(815301076,1909f56bfc062723c751e8b465ee728b)  -> (artifact id: '9526b483e9fcd01dd0f5f98db40578cc') in 0.013231 seconds 
  Import took 0.016747 seconds .

========================================================================
Received Import Request.
  Time since last request: 0.000221 seconds.
  path: Assets/Asset Store/2D Hand Painted/Sample/Prefabs/Effects/Bubbles Area FX.prefab
  artifactKey: Guid(5ac58655a4a0c4abca3704f90847d328) Importer(815301076,1909f56bfc062723c751e8b465ee728b)
Start importing Assets/Asset Store/2D Hand Painted/Sample/Prefabs/Effects/Bubbles Area FX.prefab using Guid(5ac58655a4a0c4abca3704f90847d328) Importer(815301076,1909f56bfc062723c751e8b465ee728b)  -> (artifact id: '73965e2d57a3dfd38069b225988f63b1') in 0.008693 seconds 
  Import took 0.011983 seconds .

========================================================================
Received Import Request.
  Time since last request: 0.000255 seconds.
  path: Assets/Asset Store/2D Hand Painted/Sample/Prefabs/Rocks/Rock Turquoise 9.prefab
  artifactKey: Guid(3c670869df81741c8a9a47ac8d80618a) Importer(815301076,1909f56bfc062723c751e8b465ee728b)
Start importing Assets/Asset Store/2D Hand Painted/Sample/Prefabs/Rocks/Rock Turquoise 9.prefab using Guid(3c670869df81741c8a9a47ac8d80618a) Importer(815301076,1909f56bfc062723c751e8b465ee728b)  -> (artifact id: '4e64f8051e7976002207fcad65375113') in 0.013992 seconds 
  Import took 0.017353 seconds .

========================================================================
Received Import Request.
  Time since last request: 0.000217 seconds.
  path: Assets/Asset Store/2D Hand Painted/Sample/Prefabs/Plants/Hanging Plant 2.prefab
  artifactKey: Guid(7ac199d201c22428da7f0fe4baacee32) Importer(815301076,1909f56bfc062723c751e8b465ee728b)
Start importing Assets/Asset Store/2D Hand Painted/Sample/Prefabs/Plants/Hanging Plant 2.prefab using Guid(7ac199d201c22428da7f0fe4baacee32) Importer(815301076,1909f56bfc062723c751e8b465ee728b)  -> (artifact id: '12333cbb2a12b48481c77b088a77cebe') in 0.013568 seconds 
  Import took 0.016715 seconds .

========================================================================
Received Import Request.
  Time since last request: 0.000258 seconds.
  path: Assets/Asset Store/2D Hand Painted/Sample/Prefabs/Ground/Rock Fill.prefab
  artifactKey: Guid(3f727b17e871c458f90282873c29a8de) Importer(815301076,1909f56bfc062723c751e8b465ee728b)
Start importing Assets/Asset Store/2D Hand Painted/Sample/Prefabs/Ground/Rock Fill.prefab using Guid(3f727b17e871c458f90282873c29a8de) Importer(815301076,1909f56bfc062723c751e8b465ee728b)  -> (artifact id: 'a45eccf97fc1726abfd5a5573f661833') in 0.013695 seconds 
  Import took 0.016911 seconds .

========================================================================
Received Import Request.
  Time since last request: 0.000239 seconds.
  path: Assets/Asset Store/2D Hand Painted/Sample/Prefabs/Objects/Fallen Trunk.prefab
  artifactKey: Guid(07998926bb35547cc9458f60da4a3bad) Importer(815301076,1909f56bfc062723c751e8b465ee728b)
Start importing Assets/Asset Store/2D Hand Painted/Sample/Prefabs/Objects/Fallen Trunk.prefab using Guid(07998926bb35547cc9458f60da4a3bad) Importer(815301076,1909f56bfc062723c751e8b465ee728b)  -> (artifact id: 'd9a7c03842214ba93b6955ec3d406146') in 0.013105 seconds 
  Import took 0.016236 seconds .

========================================================================
Received Import Request.
  Time since last request: 0.000232 seconds.
  path: Assets/Asset Store/2D Hand Painted/Sample/Prefabs/Ground/Ground Road 2.prefab
  artifactKey: Guid(e3973d12935a14bd89e21712303ccc8d) Importer(815301076,1909f56bfc062723c751e8b465ee728b)
Start importing Assets/Asset Store/2D Hand Painted/Sample/Prefabs/Ground/Ground Road 2.prefab using Guid(e3973d12935a14bd89e21712303ccc8d) Importer(815301076,1909f56bfc062723c751e8b465ee728b)  -> (artifact id: '8c80051d6cf5fa222ca44fc2e3c2ed2a') in 0.013198 seconds 
  Import took 0.016313 seconds .

========================================================================
Received Import Request.
  Time since last request: 0.000239 seconds.
  path: Assets/Asset Store/2D Hand Painted/Sample/Prefabs/Structure Components/Beam 16.prefab
  artifactKey: Guid(26224b2ec4f8749eebc290c031b9853a) Importer(815301076,1909f56bfc062723c751e8b465ee728b)
Start importing Assets/Asset Store/2D Hand Painted/Sample/Prefabs/Structure Components/Beam 16.prefab using Guid(26224b2ec4f8749eebc290c031b9853a) Importer(815301076,1909f56bfc062723c751e8b465ee728b)  -> (artifact id: '85d7708b7aeffe393d8c0d75641a5d02') in 0.013165 seconds 
  Import took 0.016430 seconds .

========================================================================
Received Import Request.
  Time since last request: 0.000234 seconds.
  path: Assets/Asset Store/2D Hand Painted/Sample/Prefabs/Rocks/Rock Gray 1.prefab
  artifactKey: Guid(950ee0809379946cea13729bb0f5e07a) Importer(815301076,1909f56bfc062723c751e8b465ee728b)
Start importing Assets/Asset Store/2D Hand Painted/Sample/Prefabs/Rocks/Rock Gray 1.prefab using Guid(950ee0809379946cea13729bb0f5e07a) Importer(815301076,1909f56bfc062723c751e8b465ee728b)  -> (artifact id: '0c2f5bd36a9ab758d9317925b7cab0c5') in 0.013495 seconds 
  Import took 0.016669 seconds .

========================================================================
Received Import Request.
  Time since last request: 0.000280 seconds.
  path: Assets/Asset Store/2D Hand Painted/Sample/Prefabs/Fish/BlueFish.prefab
  artifactKey: Guid(e1e8688b500244009b44000c6054201b) Importer(815301076,1909f56bfc062723c751e8b465ee728b)
Start importing Assets/Asset Store/2D Hand Painted/Sample/Prefabs/Fish/BlueFish.prefab using Guid(e1e8688b500244009b44000c6054201b) Importer(815301076,1909f56bfc062723c751e8b465ee728b)  -> (artifact id: 'f80614b6a28d7bcb42322babfec3c733') in 0.013661 seconds 
  Import took 0.016863 seconds .

========================================================================
Received Import Request.
  Time since last request: 0.000221 seconds.
  path: Assets/Asset Store/Cainos/Pixel Art Platformer - Village Props/Prefab/PF FX Campfire Fire.prefab
  artifactKey: Guid(2b206c0d2afb3604183d9210be1d84ce) Importer(815301076,1909f56bfc062723c751e8b465ee728b)
Start importing Assets/Asset Store/Cainos/Pixel Art Platformer - Village Props/Prefab/PF FX Campfire Fire.prefab using Guid(2b206c0d2afb3604183d9210be1d84ce) Importer(815301076,1909f56bfc062723c751e8b465ee728b)  -> (artifact id: 'ea923f55f4150559428389f8f235ab4d') in 0.008778 seconds 
  Import took 0.012377 seconds .

========================================================================
Received Import Request.
  Time since last request: 0.000184 seconds.
  path: Assets/Asset Store/2D Hand Painted/Sample/Prefabs/Ground/Ground Grass 3.prefab
  artifactKey: Guid(c883f2be02bee45c8875ad72665e6369) Importer(815301076,1909f56bfc062723c751e8b465ee728b)
Start importing Assets/Asset Store/2D Hand Painted/Sample/Prefabs/Ground/Ground Grass 3.prefab using Guid(c883f2be02bee45c8875ad72665e6369) Importer(815301076,1909f56bfc062723c751e8b465ee728b)  -> (artifact id: '255112f321787ce285f7f5434b44e636') in 0.014216 seconds 
  Import took 0.017616 seconds .

========================================================================
Received Import Request.
  Time since last request: 0.000222 seconds.
  path: Assets/Asset Store/2D Hand Painted/Sample/Prefabs/Ground/Ground Grass 2.prefab
  artifactKey: Guid(d44c9f624198042fcb2bc751b88f9c25) Importer(815301076,1909f56bfc062723c751e8b465ee728b)
Start importing Assets/Asset Store/2D Hand Painted/Sample/Prefabs/Ground/Ground Grass 2.prefab using Guid(d44c9f624198042fcb2bc751b88f9c25) Importer(815301076,1909f56bfc062723c751e8b465ee728b)  -> (artifact id: 'b39ba9c17879d5c4c3cd0dfeea27cc26') in 0.013396 seconds 
  Import took 0.016535 seconds .

========================================================================
Received Import Request.
  Time since last request: 0.000199 seconds.
  path: Assets/Asset Store/2D Hand Painted/Sample/Prefabs/Effects/Crystal Fantasy FX.prefab
  artifactKey: Guid(59684f31068de43ac900896e51a18f95) Importer(815301076,1909f56bfc062723c751e8b465ee728b)
Start importing Assets/Asset Store/2D Hand Painted/Sample/Prefabs/Effects/Crystal Fantasy FX.prefab using Guid(59684f31068de43ac900896e51a18f95) Importer(815301076,1909f56bfc062723c751e8b465ee728b)  -> (artifact id: 'd35f5ac48adbe71a161184a78f93320f') in 0.008671 seconds 
  Import took 0.011783 seconds .

========================================================================
Received Import Request.
  Time since last request: 0.000233 seconds.
  path: Assets/Asset Store/2D Hand Painted/Sample/Prefabs/Structure Components/House Front 1.prefab
  artifactKey: Guid(f69e9dd853be6458bae2dfd1b905c5ed) Importer(815301076,1909f56bfc062723c751e8b465ee728b)
Start importing Assets/Asset Store/2D Hand Painted/Sample/Prefabs/Structure Components/House Front 1.prefab using Guid(f69e9dd853be6458bae2dfd1b905c5ed) Importer(815301076,1909f56bfc062723c751e8b465ee728b)  -> (artifact id: '64772265bf601e6ee1262d94086002b9') in 0.014144 seconds 
  Import took 0.017527 seconds .

========================================================================
Received Import Request.
  Time since last request: 0.000224 seconds.
  path: Assets/Asset Store/2D Hand Painted/Sample/Prefabs/Plants/Mushrooms 3.prefab
  artifactKey: Guid(fc0755a51e71347708d3447757213e07) Importer(815301076,1909f56bfc062723c751e8b465ee728b)
Start importing Assets/Asset Store/2D Hand Painted/Sample/Prefabs/Plants/Mushrooms 3.prefab using Guid(fc0755a51e71347708d3447757213e07) Importer(815301076,1909f56bfc062723c751e8b465ee728b)  -> (artifact id: '2f9a06a53897c483156b110cf34d6ab0') in 0.013523 seconds 
  Import took 0.016578 seconds .

========================================================================
Received Import Request.
  Time since last request: 0.000212 seconds.
  path: Assets/Asset Store/2D Hand Painted/Sample/Prefabs/Rocks/Rock 7.prefab
  artifactKey: Guid(d180c9fe928ca4bd9aab079808e1f292) Importer(815301076,1909f56bfc062723c751e8b465ee728b)
Start importing Assets/Asset Store/2D Hand Painted/Sample/Prefabs/Rocks/Rock 7.prefab using Guid(d180c9fe928ca4bd9aab079808e1f292) Importer(815301076,1909f56bfc062723c751e8b465ee728b)  -> (artifact id: '4d8585c52361358a7b9d2556c81a9cf0') in 0.013828 seconds 
  Import took 0.016864 seconds .

========================================================================
Received Import Request.
  Time since last request: 0.000230 seconds.
  path: Assets/Asset Store/2D Hand Painted/Sample/Prefabs/Objects/Crystals 5.prefab
  artifactKey: Guid(49372c6f7cdd9449e8174d293fad29b6) Importer(815301076,1909f56bfc062723c751e8b465ee728b)
Start importing Assets/Asset Store/2D Hand Painted/Sample/Prefabs/Objects/Crystals 5.prefab using Guid(49372c6f7cdd9449e8174d293fad29b6) Importer(815301076,1909f56bfc062723c751e8b465ee728b)  -> (artifact id: '16d00d7b76bf827aa5a87ba08d1089c6') in 0.015595 seconds 
  Import took 0.018683 seconds .

========================================================================
Received Import Request.
  Time since last request: 0.000229 seconds.
  path: Assets/Asset Store/2D Hand Painted/Sample/Prefabs/Rocks/Rock 4.prefab
  artifactKey: Guid(acdd8d45391f645e99c9edf3c2a83e95) Importer(815301076,1909f56bfc062723c751e8b465ee728b)
Start importing Assets/Asset Store/2D Hand Painted/Sample/Prefabs/Rocks/Rock 4.prefab using Guid(acdd8d45391f645e99c9edf3c2a83e95) Importer(815301076,1909f56bfc062723c751e8b465ee728b)  -> (artifact id: 'c51463d110ba6f56df0126c605fee6ea') in 0.013013 seconds 
  Import took 0.016077 seconds .

========================================================================
Received Import Request.
  Time since last request: 0.000237 seconds.
  path: Packages/com.unity.2d.spriteshape/Editor/ObjectMenuCreation/DefaultAssets/Sprite Shapes/Open Sprite Shape.prefab
  artifactKey: Guid(86ae7de409eb54f619fb1328e4d42480) Importer(815301076,1909f56bfc062723c751e8b465ee728b)
Start importing Packages/com.unity.2d.spriteshape/Editor/ObjectMenuCreation/DefaultAssets/Sprite Shapes/Open Sprite Shape.prefab using Guid(86ae7de409eb54f619fb1328e4d42480) Importer(815301076,1909f56bfc062723c751e8b465ee728b)  -> (artifact id: 'bdee885e51b9ccf0fcef3a7dbe274ecc') in 0.009808 seconds 
  Import took 0.013484 seconds .

========================================================================
Received Import Request.
  Time since last request: 0.000204 seconds.
  path: Assets/Asset Store/2D Hand Painted/Sample/Prefabs/Structure Components/Beam 8.prefab
  artifactKey: Guid(548fa6c45f46549e5bdb50a91336c981) Importer(815301076,1909f56bfc062723c751e8b465ee728b)
Start importing Assets/Asset Store/2D Hand Painted/Sample/Prefabs/Structure Components/Beam 8.prefab using Guid(548fa6c45f46549e5bdb50a91336c981) Importer(815301076,1909f56bfc062723c751e8b465ee728b)  -> (artifact id: '31ca3b413eb5c50bed55679a9778a6e2') in 0.012959 seconds 
  Import took 0.016147 seconds .

========================================================================
Received Import Request.
  Time since last request: 0.001471 seconds.
  path: Assets/Asset Store/2D Hand Painted/Sample/Prefabs/Rocks/Rock 14.prefab
  artifactKey: Guid(6c433ae937005415c836e3d9c512859d) Importer(815301076,1909f56bfc062723c751e8b465ee728b)
Start importing Assets/Asset Store/2D Hand Painted/Sample/Prefabs/Rocks/Rock 14.prefab using Guid(6c433ae937005415c836e3d9c512859d) Importer(815301076,1909f56bfc062723c751e8b465ee728b)  -> (artifact id: '2019424aaa904f8ec8f3d97a8c36274c') in 0.013785 seconds 
  Import took 0.017138 seconds .

========================================================================
Received Import Request.
  Time since last request: 0.000238 seconds.
  path: Assets/Asset Store/2D Hand Painted/Sample/Prefabs/Effects/Fire Sparks FX.prefab
  artifactKey: Guid(600773de602024ab8aeaab3262dacb72) Importer(815301076,1909f56bfc062723c751e8b465ee728b)
Start importing Assets/Asset Store/2D Hand Painted/Sample/Prefabs/Effects/Fire Sparks FX.prefab using Guid(600773de602024ab8aeaab3262dacb72) Importer(815301076,1909f56bfc062723c751e8b465ee728b)  -> (artifact id: '001095dacc9fd40b56f8f562ba3c3e9a') in 0.008471 seconds 
  Import took 0.011787 seconds .

========================================================================
Received Import Request.
  Time since last request: 0.000219 seconds.
  path: Assets/Asset Store/2D Hand Painted/Sample/Prefabs/Plants/Plant 17.prefab
  artifactKey: Guid(c695c5e8adbea47449d6f2ac73578f83) Importer(815301076,1909f56bfc062723c751e8b465ee728b)
Start importing Assets/Asset Store/2D Hand Painted/Sample/Prefabs/Plants/Plant 17.prefab using Guid(c695c5e8adbea47449d6f2ac73578f83) Importer(815301076,1909f56bfc062723c751e8b465ee728b)  -> (artifact id: '5f284e190e98c99e95314d259196af97') in 0.014047 seconds 
  Import took 0.017318 seconds .

========================================================================
Received Import Request.
  Time since last request: 0.000237 seconds.
  path: Assets/Asset Store/Cainos/Pixel Art Platformer - Village Props/Prefab/PF FX Torch Fire.prefab
  artifactKey: Guid(4cfc0b96b77f5374a9242d6779dd65bf) Importer(815301076,1909f56bfc062723c751e8b465ee728b)
Start importing Assets/Asset Store/Cainos/Pixel Art Platformer - Village Props/Prefab/PF FX Torch Fire.prefab using Guid(4cfc0b96b77f5374a9242d6779dd65bf) Importer(815301076,1909f56bfc062723c751e8b465ee728b)  -> (artifact id: 'c25a903976bd363f451d0fa81fbdfdb6') in 0.008780 seconds 
  Import took 0.012412 seconds .

========================================================================
Received Import Request.
  Time since last request: 0.000204 seconds.
  path: Assets/Asset Store/2D Hand Painted/Sample/Prefabs/Effects/Fire Smoke FX.prefab
  artifactKey: Guid(e47cebb61dcc04b4ca65c4c65dd23d84) Importer(815301076,1909f56bfc062723c751e8b465ee728b)
Start importing Assets/Asset Store/2D Hand Painted/Sample/Prefabs/Effects/Fire Smoke FX.prefab using Guid(e47cebb61dcc04b4ca65c4c65dd23d84) Importer(815301076,1909f56bfc062723c751e8b465ee728b)  -> (artifact id: 'f40be7005aedcf6da8d749da0081f8b9') in 0.008877 seconds 
  Import took 0.012308 seconds .

========================================================================
Received Import Request.
  Time since last request: 0.000215 seconds.
  path: Assets/Sunny Land Forest Assets/Artwork/Environment/props/house.prefab
  artifactKey: Guid(e92b7534062fa18458de42c21b31a469) Importer(815301076,1909f56bfc062723c751e8b465ee728b)
Start importing Assets/Sunny Land Forest Assets/Artwork/Environment/props/house.prefab using Guid(e92b7534062fa18458de42c21b31a469) Importer(815301076,1909f56bfc062723c751e8b465ee728b)  -> (artifact id: 'ec2e7bec07b16b37028eb3f435d5ba0f') in 0.013208 seconds 
  Import took 0.016754 seconds .

========================================================================
Received Import Request.
  Time since last request: 0.000169 seconds.
  path: Assets/Asset Store/2D Hand Painted/Sample/Prefabs/Plants/Corals 21.prefab
  artifactKey: Guid(78c614ada89234b53ae1ebf50754a5bf) Importer(815301076,1909f56bfc062723c751e8b465ee728b)
Start importing Assets/Asset Store/2D Hand Painted/Sample/Prefabs/Plants/Corals 21.prefab using Guid(78c614ada89234b53ae1ebf50754a5bf) Importer(815301076,1909f56bfc062723c751e8b465ee728b)  -> (artifact id: '112e676a4f96da78be849e8ad5070cff') in 0.012966 seconds 
  Import took 0.016597 seconds .

========================================================================
Received Import Request.
  Time since last request: 0.000210 seconds.
  path: Assets/Tileset Palette/New Palette.prefab
  artifactKey: Guid(cac350dfdd39ceb4380bb5ae244c5991) Importer(815301076,1909f56bfc062723c751e8b465ee728b)
Start importing Assets/Tileset Palette/New Palette.prefab using Guid(cac350dfdd39ceb4380bb5ae244c5991) Importer(815301076,1909f56bfc062723c751e8b465ee728b)  -> (artifact id: '0e525ce4cd181649e633f3bf0f61ac9a') in 0.008928 seconds 
  Import took 0.012228 seconds .

========================================================================
Received Import Request.
  Time since last request: 0.000212 seconds.
  path: Assets/Asset Store/2D Hand Painted/Sample/Prefabs/Plants/Plant 18.prefab
  artifactKey: Guid(b4cc73c0feeaa4170913d1036d29d917) Importer(815301076,1909f56bfc062723c751e8b465ee728b)
Start importing Assets/Asset Store/2D Hand Painted/Sample/Prefabs/Plants/Plant 18.prefab using Guid(b4cc73c0feeaa4170913d1036d29d917) Importer(815301076,1909f56bfc062723c751e8b465ee728b)  -> (artifact id: '375736be27eb7e0b899a3be4e5a62d7d') in 0.013245 seconds 
  Import took 0.016300 seconds .

========================================================================
Received Import Request.
  Time since last request: 0.000221 seconds.
  path: Assets/Asset Store/2D Hand Painted/Sample/Prefabs/Rocks/Rock Turquoise 2.prefab
  artifactKey: Guid(64cdec0e6ee95453cb34577f48a56622) Importer(815301076,1909f56bfc062723c751e8b465ee728b)
Start importing Assets/Asset Store/2D Hand Painted/Sample/Prefabs/Rocks/Rock Turquoise 2.prefab using Guid(64cdec0e6ee95453cb34577f48a56622) Importer(815301076,1909f56bfc062723c751e8b465ee728b)  -> (artifact id: 'e78362d515851940f5a8a9be19a8e11f') in 0.013952 seconds 
  Import took 0.017214 seconds .

========================================================================
Received Import Request.
  Time since last request: 0.000233 seconds.
  path: Assets/Asset Store/2D Hand Painted/Sample/Prefabs/Objects/Bucket.prefab
  artifactKey: Guid(f56bbf0d334734e2aac594dd63806382) Importer(815301076,1909f56bfc062723c751e8b465ee728b)
Start importing Assets/Asset Store/2D Hand Painted/Sample/Prefabs/Objects/Bucket.prefab using Guid(f56bbf0d334734e2aac594dd63806382) Importer(815301076,1909f56bfc062723c751e8b465ee728b)  -> (artifact id: 'cb1a529fde00ea82fdf4d4463d8775c6') in 0.014480 seconds 
  Import took 0.017732 seconds .

========================================================================
Received Import Request.
  Time since last request: 0.000216 seconds.
  path: Assets/Asset Store/2D Hand Painted/Sample/Prefabs/Plants/Flower 14.prefab
  artifactKey: Guid(0adcd81b299c34866b47483cb008bbc9) Importer(815301076,1909f56bfc062723c751e8b465ee728b)
Start importing Assets/Asset Store/2D Hand Painted/Sample/Prefabs/Plants/Flower 14.prefab using Guid(0adcd81b299c34866b47483cb008bbc9) Importer(815301076,1909f56bfc062723c751e8b465ee728b)  -> (artifact id: '366b9c6fd34930ee236bd6bc6a8c6bea') in 0.013072 seconds 
  Import took 0.016375 seconds .

========================================================================
Received Import Request.
  Time since last request: 0.000228 seconds.
  path: Assets/Asset Store/2D Hand Painted/Sample/Prefabs/Rocks/Rock 1.prefab
  artifactKey: Guid(8b207d58a262b4e6d9b34a19440d88b8) Importer(815301076,1909f56bfc062723c751e8b465ee728b)
Start importing Assets/Asset Store/2D Hand Painted/Sample/Prefabs/Rocks/Rock 1.prefab using Guid(8b207d58a262b4e6d9b34a19440d88b8) Importer(815301076,1909f56bfc062723c751e8b465ee728b)  -> (artifact id: 'ab34f2365f733e5f02fab1e801212d7b') in 0.013117 seconds 
  Import took 0.016722 seconds .

========================================================================
Received Import Request.
  Time since last request: 0.000214 seconds.
  path: Assets/Asset Store/2D Hand Painted/Sample/Prefabs/Plants/Corals 4.prefab
  artifactKey: Guid(15eb5468d01934cf18d05d79b0d2ad7c) Importer(815301076,1909f56bfc062723c751e8b465ee728b)
Start importing Assets/Asset Store/2D Hand Painted/Sample/Prefabs/Plants/Corals 4.prefab using Guid(15eb5468d01934cf18d05d79b0d2ad7c) Importer(815301076,1909f56bfc062723c751e8b465ee728b)  -> (artifact id: 'bbbb9cd5920a2ab26f4bbe53d9a91a6e') in 0.013201 seconds 
  Import took 0.016354 seconds .

========================================================================
Received Import Request.
  Time since last request: 0.000196 seconds.
  path: Assets/Asset Store/2D Hand Painted/Sample/Prefabs/Plants/Flora Red 2.prefab
  artifactKey: Guid(26e6c4c5518464eca87ea11dcd371b70) Importer(815301076,1909f56bfc062723c751e8b465ee728b)
Start importing Assets/Asset Store/2D Hand Painted/Sample/Prefabs/Plants/Flora Red 2.prefab using Guid(26e6c4c5518464eca87ea11dcd371b70) Importer(815301076,1909f56bfc062723c751e8b465ee728b)  -> (artifact id: 'e6ee148faf4da0cb3ee05e1bdb242059') in 0.013347 seconds 
  Import took 0.016512 seconds .

========================================================================
Received Import Request.
  Time since last request: 0.000265 seconds.
  path: Assets/Asset Store/2D Hand Painted/Sample/Prefabs/Plants/Plant 3.prefab
  artifactKey: Guid(57c4f1880c3ee48cc98d44a182b89fac) Importer(815301076,1909f56bfc062723c751e8b465ee728b)
Start importing Assets/Asset Store/2D Hand Painted/Sample/Prefabs/Plants/Plant 3.prefab using Guid(57c4f1880c3ee48cc98d44a182b89fac) Importer(815301076,1909f56bfc062723c751e8b465ee728b)  -> (artifact id: 'ef81c22c9d162d3ae08f33eb3c4a1173') in 0.013154 seconds 
  Import took 0.016473 seconds .

========================================================================
Received Import Request.
  Time since last request: 0.000220 seconds.
  path: Assets/Asset Store/2D Hand Painted/Sample/Prefabs/Sky/Cloud 1.prefab
  artifactKey: Guid(4d6f98b153a814365aef980d16c53905) Importer(815301076,1909f56bfc062723c751e8b465ee728b)
Start importing Assets/Asset Store/2D Hand Painted/Sample/Prefabs/Sky/Cloud 1.prefab using Guid(4d6f98b153a814365aef980d16c53905) Importer(815301076,1909f56bfc062723c751e8b465ee728b)  -> (artifact id: 'c392025f688e58bf4cfe4a2507c5ab09') in 0.016333 seconds 
  Import took 0.019676 seconds .

========================================================================
Received Import Request.
  Time since last request: 0.000283 seconds.
  path: Assets/Asset Store/2D Hand Painted/Sample/Prefabs/Sky/Cloud 2.prefab
  artifactKey: Guid(3ed145ae32480412ca5dfd4088c6aada) Importer(815301076,1909f56bfc062723c751e8b465ee728b)
Start importing Assets/Asset Store/2D Hand Painted/Sample/Prefabs/Sky/Cloud 2.prefab using Guid(3ed145ae32480412ca5dfd4088c6aada) Importer(815301076,1909f56bfc062723c751e8b465ee728b)  -> (artifact id: 'dff353fd46536d27a7f6c141975115e9') in 0.013019 seconds 
  Import took 0.016263 seconds .

========================================================================
Received Import Request.
  Time since last request: 0.000206 seconds.
  path: Assets/Asset Store/2D Hand Painted/Sample/Prefabs/Rocks/Rock Turquoise 1.prefab
  artifactKey: Guid(65e5743c79d80470bbb45e95523e93ab) Importer(815301076,1909f56bfc062723c751e8b465ee728b)
Start importing Assets/Asset Store/2D Hand Painted/Sample/Prefabs/Rocks/Rock Turquoise 1.prefab using Guid(65e5743c79d80470bbb45e95523e93ab) Importer(815301076,1909f56bfc062723c751e8b465ee728b)  -> (artifact id: '0edb998cf0ffa7285ca52e0f9636785f') in 0.014031 seconds 
  Import took 0.017244 seconds .

========================================================================
Received Import Request.
  Time since last request: 0.000240 seconds.
  path: Assets/Asset Store/2D Hand Painted/Sample/Prefabs/Structure Components/Door 5.prefab
  artifactKey: Guid(6700144f15b604217bc11ebe5e508520) Importer(815301076,1909f56bfc062723c751e8b465ee728b)
Start importing Assets/Asset Store/2D Hand Painted/Sample/Prefabs/Structure Components/Door 5.prefab using Guid(6700144f15b604217bc11ebe5e508520) Importer(815301076,1909f56bfc062723c751e8b465ee728b)  -> (artifact id: '54a76dfc3afd8d7d1964a3fc3fb63f95') in 0.014017 seconds 
  Import took 0.017216 seconds .

========================================================================
Received Import Request.
  Time since last request: 0.000238 seconds.
  path: Assets/Asset Store/2D Hand Painted/Sample/Prefabs/Structure Components/Beam 15.prefab
  artifactKey: Guid(6c64a8d219b914065a659a3ac2cf37fa) Importer(815301076,1909f56bfc062723c751e8b465ee728b)
Start importing Assets/Asset Store/2D Hand Painted/Sample/Prefabs/Structure Components/Beam 15.prefab using Guid(6c64a8d219b914065a659a3ac2cf37fa) Importer(815301076,1909f56bfc062723c751e8b465ee728b)  -> (artifact id: '12814a539f6068ee69cb14e267fb1f62') in 0.013529 seconds 
  Import took 0.016702 seconds .

========================================================================
Received Import Request.
  Time since last request: 0.000236 seconds.
  path: Assets/Asset Store/2D Hand Painted/Sample/Prefabs/Plants/Plant 4.prefab
  artifactKey: Guid(011321ec80b594c619a8c96bc51b4980) Importer(815301076,1909f56bfc062723c751e8b465ee728b)
Start importing Assets/Asset Store/2D Hand Painted/Sample/Prefabs/Plants/Plant 4.prefab using Guid(011321ec80b594c619a8c96bc51b4980) Importer(815301076,1909f56bfc062723c751e8b465ee728b)  -> (artifact id: 'bc2150ff94bcce9d6894a545edb19e51') in 0.013042 seconds 
  Import took 0.016319 seconds .

========================================================================
Received Import Request.
  Time since last request: 0.000266 seconds.
  path: Assets/Asset Store/2D Hand Painted/Sample/Prefabs/Rocks/Rock 6.prefab
  artifactKey: Guid(f5e1fde470ee244c6bd6b4e25dd5cf57) Importer(815301076,1909f56bfc062723c751e8b465ee728b)
Start importing Assets/Asset Store/2D Hand Painted/Sample/Prefabs/Rocks/Rock 6.prefab using Guid(f5e1fde470ee244c6bd6b4e25dd5cf57) Importer(815301076,1909f56bfc062723c751e8b465ee728b)  -> (artifact id: '1d4ff849a5572b99bc1e7aa4621aa23e') in 0.014212 seconds 
  Import took 0.017738 seconds .

========================================================================
Received Import Request.
  Time since last request: 0.000157 seconds.
  path: Assets/Asset Store/2D Hand Painted/Sample/Prefabs/Plants/Flower 1.prefab
  artifactKey: Guid(9182b844a915a4749bb81662f68d72fe) Importer(815301076,1909f56bfc062723c751e8b465ee728b)
Start importing Assets/Asset Store/2D Hand Painted/Sample/Prefabs/Plants/Flower 1.prefab using Guid(9182b844a915a4749bb81662f68d72fe) Importer(815301076,1909f56bfc062723c751e8b465ee728b)  -> (artifact id: '6e55e65cd28868c3450acf5ababa3856') in 0.013723 seconds 
  Import took 0.016906 seconds .

========================================================================
Received Import Request.
  Time since last request: 0.000213 seconds.
  path: Assets/Asset Store/2D Hand Painted/Sample/Prefabs/Sky/Cloud 5.prefab
  artifactKey: Guid(64d4b4c4c6917463abfaf14950ef033b) Importer(815301076,1909f56bfc062723c751e8b465ee728b)
Start importing Assets/Asset Store/2D Hand Painted/Sample/Prefabs/Sky/Cloud 5.prefab using Guid(64d4b4c4c6917463abfaf14950ef033b) Importer(815301076,1909f56bfc062723c751e8b465ee728b)  -> (artifact id: '84d774b96b2f82bdb483800f8a2d3a6d') in 0.012767 seconds 
  Import took 0.015832 seconds .

========================================================================
Received Import Request.
  Time since last request: 0.000167 seconds.
  path: Assets/Asset Store/2D Hand Painted/Sample/Prefabs/Objects/Candle 8.prefab
  artifactKey: Guid(ade1389746e90469097cf2eb58e27618) Importer(815301076,1909f56bfc062723c751e8b465ee728b)
Start importing Assets/Asset Store/2D Hand Painted/Sample/Prefabs/Objects/Candle 8.prefab using Guid(ade1389746e90469097cf2eb58e27618) Importer(815301076,1909f56bfc062723c751e8b465ee728b)  -> (artifact id: '4c6c1972b2892da2af71a7c22f6f9971') in 0.015101 seconds 
  Import took 0.018183 seconds .

========================================================================
Received Import Request.
  Time since last request: 0.000276 seconds.
  path: Assets/Asset Store/2D Hand Painted/Sample/Prefabs/Plants/Flora Azure 1.prefab
  artifactKey: Guid(b6d669e1ef2d84fabad0516aa3f6d164) Importer(815301076,1909f56bfc062723c751e8b465ee728b)
Start importing Assets/Asset Store/2D Hand Painted/Sample/Prefabs/Plants/Flora Azure 1.prefab using Guid(b6d669e1ef2d84fabad0516aa3f6d164) Importer(815301076,1909f56bfc062723c751e8b465ee728b)  -> (artifact id: '923490f6ab5486f58b57a815562c4380') in 0.015793 seconds 
  Import took 0.019184 seconds .

========================================================================
Received Import Request.
  Time since last request: 0.000181 seconds.
  path: Assets/Asset Store/2D Hand Painted/Sample/Prefabs/Ground/Grass Fill.prefab
  artifactKey: Guid(d40152a94ad3b4a25ae13a2534cce237) Importer(815301076,1909f56bfc062723c751e8b465ee728b)
Start importing Assets/Asset Store/2D Hand Painted/Sample/Prefabs/Ground/Grass Fill.prefab using Guid(d40152a94ad3b4a25ae13a2534cce237) Importer(815301076,1909f56bfc062723c751e8b465ee728b)  -> (artifact id: 'd5bfad16688d6e1ca74d94ed35d9a32b') in 0.013239 seconds 
  Import took 0.016647 seconds .

========================================================================
Received Import Request.
  Time since last request: 0.000216 seconds.
  path: Assets/Asset Store/2D Hand Painted/Sample/Prefabs/Ground/Ground Rocks.prefab
  artifactKey: Guid(a8e970e0c1df94072ae0858e2a4c7713) Importer(815301076,1909f56bfc062723c751e8b465ee728b)
Start importing Assets/Asset Store/2D Hand Painted/Sample/Prefabs/Ground/Ground Rocks.prefab using Guid(a8e970e0c1df94072ae0858e2a4c7713) Importer(815301076,1909f56bfc062723c751e8b465ee728b)  -> (artifact id: '800911236bd753a3671ab2583df5412e') in 0.016388 seconds 
  Import took 0.019720 seconds .

========================================================================
Received Import Request.
  Time since last request: 0.000244 seconds.
  path: Assets/Asset Store/2D Hand Painted/Sample/Prefabs/Structure Components/Beam 7.prefab
  artifactKey: Guid(080032929cbe64e22beca6cb44564992) Importer(815301076,1909f56bfc062723c751e8b465ee728b)
Start importing Assets/Asset Store/2D Hand Painted/Sample/Prefabs/Structure Components/Beam 7.prefab using Guid(080032929cbe64e22beca6cb44564992) Importer(815301076,1909f56bfc062723c751e8b465ee728b)  -> (artifact id: '2120ac62f966fe675ff587fedfc727df') in 0.014633 seconds 
  Import took 0.018236 seconds .

========================================================================
Received Import Request.
  Time since last request: 0.000215 seconds.
  path: Assets/Asset Store/2D Hand Painted/Sample/Prefabs/Plants/Hanging Plant 3.prefab
  artifactKey: Guid(4ccf6ed76fbfc449fbec253d45876a6b) Importer(815301076,1909f56bfc062723c751e8b465ee728b)
Start importing Assets/Asset Store/2D Hand Painted/Sample/Prefabs/Plants/Hanging Plant 3.prefab using Guid(4ccf6ed76fbfc449fbec253d45876a6b) Importer(815301076,1909f56bfc062723c751e8b465ee728b)  -> (artifact id: '6a859a2100373a37db8a848433ff188b') in 0.014356 seconds 
  Import took 0.017998 seconds .

========================================================================
Received Import Request.
  Time since last request: 0.000238 seconds.
  path: Assets/Asset Store/2D Hand Painted/Sample/Prefabs/Structure Components/House Side 2.prefab
  artifactKey: Guid(6a5ab1a7f6016407e98e98f1345bdab4) Importer(815301076,1909f56bfc062723c751e8b465ee728b)
Start importing Assets/Asset Store/2D Hand Painted/Sample/Prefabs/Structure Components/House Side 2.prefab using Guid(6a5ab1a7f6016407e98e98f1345bdab4) Importer(815301076,1909f56bfc062723c751e8b465ee728b)  -> (artifact id: '68e1a7a38d4767d0c38a12ebb8bea40d') in 0.014282 seconds 
  Import took 0.017571 seconds .

========================================================================
Received Import Request.
  Time since last request: 0.000255 seconds.
  path: Assets/Asset Store/2D Hand Painted/Sample/Prefabs/Structure Components/House Front 2.prefab
  artifactKey: Guid(a344e3279796e4eac87b0f773590ad50) Importer(815301076,1909f56bfc062723c751e8b465ee728b)
Start importing Assets/Asset Store/2D Hand Painted/Sample/Prefabs/Structure Components/House Front 2.prefab using Guid(a344e3279796e4eac87b0f773590ad50) Importer(815301076,1909f56bfc062723c751e8b465ee728b)  -> (artifact id: 'c0d49f72a37ac6c0a0d4ac9249e3234e') in 0.014028 seconds 
  Import took 0.017351 seconds .

========================================================================
Received Import Request.
  Time since last request: 0.000247 seconds.
  path: Assets/Asset Store/2D Hand Painted/Sample/Prefabs/Plants/Plant 8.prefab
  artifactKey: Guid(746b14182f99c4b978d07f3f0e529e87) Importer(815301076,1909f56bfc062723c751e8b465ee728b)
Start importing Assets/Asset Store/2D Hand Painted/Sample/Prefabs/Plants/Plant 8.prefab using Guid(746b14182f99c4b978d07f3f0e529e87) Importer(815301076,1909f56bfc062723c751e8b465ee728b)  -> (artifact id: '1b9d7d3cc8272237ce6da35c3cb1bdbc') in 0.014294 seconds 
  Import took 0.017437 seconds .

========================================================================
Received Import Request.
  Time since last request: 3.551600 seconds.
  path: Assets/Scenes
  artifactKey: Guid(0c92f1b73cf1e484a88852c73c8cb9b7) Importer(815301076,1909f56bfc062723c751e8b465ee728b)
Start importing Assets/Scenes using Guid(0c92f1b73cf1e484a88852c73c8cb9b7) Importer(815301076,1909f56bfc062723c751e8b465ee728b)  -> (artifact id: 'e2b013e865740a5626092435e7803cda') in 0.006089 seconds 
  Import took 0.009453 seconds .

========================================================================
Received Import Request.
  Time since last request: 0.006428 seconds.
  path: Assets/Scenes
  artifactKey: Guid(0c92f1b73cf1e484a88852c73c8cb9b7) Importer(815301076,1909f56bfc062723c751e8b465ee728b)
Start importing Assets/Scenes using Guid(0c92f1b73cf1e484a88852c73c8cb9b7) Importer(815301076,1909f56bfc062723c751e8b465ee728b)  -> (artifact id: 'e2b013e865740a5626092435e7803cda') in 0.002531 seconds 
  Import took 0.005735 seconds .

========================================================================
Received Import Request.
  Time since last request: 8.617245 seconds.
  path: Assets/Scene/Cut_1.unity
  artifactKey: Guid(dcd0d19589e5d9a4dbea735583e5639d) Importer(815301076,1909f56bfc062723c751e8b465ee728b)
Start importing Assets/Scene/Cut_1.unity using Guid(dcd0d19589e5d9a4dbea735583e5639d) Importer(815301076,1909f56bfc062723c751e8b465ee728b)  -> (artifact id: '36eb851ed66195a88b24fa54679f56bc') in 0.006880 seconds 
  Import took 0.010237 seconds .

========================================================================
Received Import Request.
  Time since last request: 0.000898 seconds.
  path: Assets/Scene/Cut_1.unity
  artifactKey: Guid(dcd0d19589e5d9a4dbea735583e5639d) Importer(815301076,1909f56bfc062723c751e8b465ee728b)
Start importing Assets/Scene/Cut_1.unity using Guid(dcd0d19589e5d9a4dbea735583e5639d) Importer(815301076,1909f56bfc062723c751e8b465ee728b)  -> (artifact id: '36eb851ed66195a88b24fa54679f56bc') in 0.002463 seconds 
  Import took 0.005822 seconds .

========================================================================
Received Import Request.
  Time since last request: 7.274620 seconds.
  path: Assets/Scene/Cut_2.unity
  artifactKey: Guid(f54c6c77cdf728b49aff2d2235107db9) Importer(815301076,1909f56bfc062723c751e8b465ee728b)
Start importing Assets/Scene/Cut_2.unity using Guid(f54c6c77cdf728b49aff2d2235107db9) Importer(815301076,1909f56bfc062723c751e8b465ee728b)  -> (artifact id: 'c328af3c657c768e86f160480108520b') in 0.006279 seconds 
  Import took 0.009646 seconds .

========================================================================
Received Import Request.
  Time since last request: 13.005182 seconds.
  path: Assets/EffectAudio/Computortyping.mp3
  artifactKey: Guid(d75f2d930f6c4164c95a9fa37aa1e0fe) Importer(815301076,1909f56bfc062723c751e8b465ee728b)
Start importing Assets/EffectAudio/Computortyping.mp3 using Guid(d75f2d930f6c4164c95a9fa37aa1e0fe) Importer(815301076,1909f56bfc062723c751e8b465ee728b)  -> (artifact id: '89c4e9fd00ea2099e033303b91280c90') in 0.122757 seconds 
  Import took 0.126136 seconds .

========================================================================
Received Import Request.
  Time since last request: 0.000266 seconds.
  path: Assets/EffectAudio/PencilTyping.mp3
  artifactKey: Guid(e701dadb6a456f34da9cda42f829f258) Importer(815301076,1909f56bfc062723c751e8b465ee728b)
Start importing Assets/EffectAudio/PencilTyping.mp3 using Guid(e701dadb6a456f34da9cda42f829f258) Importer(815301076,1909f56bfc062723c751e8b465ee728b)  -> (artifact id: '33378d8e831bd1eba1a975523ff14bd2') in 0.010320 seconds 
  Import took 0.013338 seconds .

========================================================================
Received Import Request.
  Time since last request: 51.001854 seconds.
  path: Assets/Scene/Control_Tutorial.unity
  artifactKey: Guid(a53304cae2ce6974b818f383e47bcf29) Importer(815301076,1909f56bfc062723c751e8b465ee728b)
Start importing Assets/Scene/Control_Tutorial.unity using Guid(a53304cae2ce6974b818f383e47bcf29) Importer(815301076,1909f56bfc062723c751e8b465ee728b)  -> (artifact id: 'd6815e7de56014ac2e206a0e9be701b2') in 0.006568 seconds 
  Import took 0.009892 seconds .

========================================================================
Received Import Request.
  Time since last request: 0.005788 seconds.
  path: Assets/Scene/Control_Tutorial.unity
  artifactKey: Guid(a53304cae2ce6974b818f383e47bcf29) Importer(815301076,1909f56bfc062723c751e8b465ee728b)
Start importing Assets/Scene/Control_Tutorial.unity using Guid(a53304cae2ce6974b818f383e47bcf29) Importer(815301076,1909f56bfc062723c751e8b465ee728b)  -> (artifact id: 'd6815e7de56014ac2e206a0e9be701b2') in 0.002502 seconds 
  Import took 0.005749 seconds .

========================================================================
Received Prepare
Registering precompiled user dll's ...
Registered in 0.005740 seconds.
Begin MonoManager ReloadAssembly
Native extension for WindowsStandalone target not found
Native extension for WebGL target not found
Refreshing native plugins compatible for Editor in 0.46 ms, found 3 plugins.
Preloading 0 native plugins for Editor in 0.00 ms.
Mono: successfully reloaded assembly
- Completed reload, in  1.081 seconds
Platform modules already initialized, skipping
Refreshing native plugins compatible for Editor in 0.45 ms, found 3 plugins.
Preloading 0 native plugins for Editor in 0.00 ms.
Unloading 2083 Unused Serialized files (Serialized files now loaded: 0)
System memory in use before: 97.1 MB.
System memory in use after: 97.1 MB.

Unloading 21 unused Assets to reduce memory usage. Loaded Objects now: 2537.
Total: 2.331300 ms (FindLiveObjects: 0.192800 ms CreateObjectMapping: 0.078900 ms MarkObjects: 1.962700 ms  DeleteObjects: 0.095700 ms)

AssetImportParameters requested are different than current active one (requested -> active):
  custom:framework-win-MediaFoundation: 216162199b28c13a410421893ffa2e32 -> 
  custom:video-decoder-ogg-theora: a1e56fd34408186e4bbccfd4996cb3dc -> 
  custom:container-muxer-webm: aa71ff27fc2769a1b78a27578f13a17b -> 
  custom:container-demuxer-webm: 4f35f7cbe854078d1ac9338744f61a02 -> 
  custom:container-demuxer-ogg: 62fdf1f143b41e24485cea50d1cbac27 -> 
  custom:video-encoder-webm-vp8: eb34c28f22e8b96e1ab97ce403110664 -> 
  custom:video-decoder-webm-vp8: 9c59270c3fd7afecdb556c50c9e8de78 -> 
  custom:audio-decoder-ogg-vorbis: bf7c407c2cedff20999df2af8eb42d56 -> 
  custom:audio-encoder-webm-vorbis: bf7c407c2cedff20999df2af8eb42d56 -> 
AssetImportWorkerClient::OnTransportError - code=2 error=End of file
